<?xml version="1.0" encoding="UTF-8"?>
<!-- Generated by org.testng.reporters.JUnitReportReporter -->
<testsuite hostname="Parulikas-MacBook-Pro.local" name="webTest.CheckTitle" tests="1" failures="0" timestamp="4 Oct 2018 13:31:11 GMT" time="16.574" errors="0">
  <testcase name="checkPageTitles" time="16.574" classname="webTest.CheckTitle"/>
</testsuite> <!-- webTest.CheckTitle -->
