<?xml version="1.0" encoding="UTF-8"?>
<!-- Generated by org.testng.reporters.JUnitReportReporter -->
<testsuite hostname="Parulikas-MacBook-Pro.local" name="webTest.CheckTitle" tests="1" failures="0" timestamp="4 Oct 2018 19:23:29 GMT" time="25.702" errors="0">
  <testcase name="checkPageTitles" time="25.702" classname="webTest.CheckTitle"/>
</testsuite> <!-- webTest.CheckTitle -->
