<?xml version="1.0" encoding="UTF-8"?>
<!-- Generated by org.testng.reporters.JUnitReportReporter -->
<testsuite hostname="Parulikas-MacBook-Pro.local" name="webTest.CheckTitle" tests="1" failures="0" timestamp="5 Oct 2018 06:09:53 GMT" time="37.791" errors="0">
  <testcase name="checkPageTitles" time="37.791" classname="webTest.CheckTitle"/>
</testsuite> <!-- webTest.CheckTitle -->
